2024-12-24 11:00:01,512 - INFO - Starting data fetch and process script.
2024-12-24 11:02:47,662 - INFO - Starting data fetch and process script.
2024-12-24 11:04:18,419 - ERROR - Unexpected error while processing data: HTTPSConnectionPool(host='connect.soligent.net', port=443): Max retries exceeded with url: /api/cacheable/items?c=3510554566456&country=US&currency=USD&fieldset=details&include=&language=en&n=2&pricelevel=5&url=City-Electric-Supply-0083-1828-60A-250Vdc&use_pcv=F (Caused by SSLError(SSLError(1, '[SSL: DECRYPTION_FAILED_OR_BAD_RECORD_MAC] decryption failed or bad record mac (_ssl.c:1006)')))
2024-12-24 11:05:24,610 - INFO - Starting data fetch and process script.
2024-12-24 11:17:48,736 - ERROR - Unexpected error while processing data: HTTPSConnectionPool(host='connect.soligent.net', port=443): Max retries exceeded with url: /api/cacheable/items?c=3510554566456&country=US&currency=USD&fieldset=details&include=&language=en&n=2&pricelevel=5&url=Unirac-E-Boss-00802BC-Bridge-Clip&use_pcv=F (Caused by SSLError(SSLError(1, '[SSL: DECRYPTION_FAILED_OR_BAD_RECORD_MAC] decryption failed or bad record mac (_ssl.c:1006)')))
2024-12-24 11:21:26,723 - INFO - Starting data fetch and process script.
2024-12-24 11:24:18,583 - INFO - Script completed.
2024-12-24 11:27:11,364 - INFO - Starting data fetch and process script.
2024-12-24 11:28:33,405 - INFO - Script completed.
2024-12-24 13:09:55,335 - INFO - Starting data fetch and process script.
2024-12-24 13:09:55,335 - INFO - Sending GET request to the API.
2024-12-24 13:09:57,696 - INFO - Successfully fetched data from the API.
2024-12-24 13:09:57,699 - INFO - Successfully parsed JSON response.
2024-12-24 13:12:27,260 - INFO - Starting data fetch and process script.
2024-12-24 13:12:27,261 - INFO - Sending GET request to the API.
2024-12-24 13:12:27,513 - INFO - Successfully fetched data from the API.
2024-12-24 13:12:27,518 - INFO - Successfully parsed JSON response.
2024-12-24 13:31:53,161 - INFO - Starting data fetch and process script.
2024-12-24 13:31:53,161 - INFO - Sending GET request to the API.
2024-12-24 13:31:55,681 - INFO - Successfully fetched data from the API.
2024-12-24 13:31:55,747 - INFO - Successfully parsed JSON response.
2024-12-24 13:33:27,373 - INFO - Script completed.
2024-12-24 15:24:18,260 - INFO - Starting data fetch and process script.
2024-12-24 15:24:18,260 - INFO - Sending GET request to the API.
2024-12-24 15:24:21,113 - INFO - Successfully fetched data from the API.
2024-12-24 15:24:21,114 - INFO - Successfully parsed JSON response.
2024-12-24 15:25:52,688 - INFO - Script completed.
2024-12-24 17:16:52,179 - INFO - Starting data fetch and process script.
2024-12-24 17:16:52,180 - INFO - Sending GET request to the API.
2024-12-24 17:16:55,229 - INFO - Successfully fetched data from the API.
2024-12-24 17:16:55,234 - INFO - Successfully parsed JSON response.
2024-12-26 10:24:38,651 - INFO - Starting data fetch and process script.
2024-12-26 10:24:38,652 - INFO - Sending GET request to the API.
2024-12-26 10:24:42,137 - INFO - Successfully fetched data from the API.
2024-12-26 10:24:42,140 - INFO - Successfully parsed JSON response.
2024-12-26 10:24:43,868 - ERROR - Unexpected error while processing data: too many values to unpack (expected 3)
2024-12-26 10:26:32,195 - INFO - Starting data fetch and process script.
2024-12-26 10:26:32,195 - INFO - Sending GET request to the API.
2024-12-26 10:26:33,482 - INFO - Successfully fetched data from the API.
2024-12-26 10:26:33,484 - INFO - Successfully parsed JSON response.
2024-12-26 10:26:34,053 - ERROR - Unexpected error while processing data: too many values to unpack (expected 3)
2024-12-26 10:28:07,974 - INFO - Starting data fetch and process script.
2024-12-26 10:28:07,976 - INFO - Sending GET request to the API.
2024-12-26 10:28:08,248 - INFO - Successfully fetched data from the API.
2024-12-26 10:28:08,285 - INFO - Successfully parsed JSON response.
2024-12-26 10:28:08,530 - ERROR - Unexpected error while processing data: too many values to unpack (expected 3)
2024-12-26 10:29:52,091 - INFO - Starting data fetch and process script.
2024-12-26 10:29:52,091 - INFO - Sending GET request to the API.
2024-12-26 10:29:55,197 - INFO - Successfully fetched data from the API.
2024-12-26 10:29:55,234 - INFO - Successfully parsed JSON response.
2024-12-26 10:29:56,120 - ERROR - Unexpected error while processing data: too many values to unpack (expected 3)
2024-12-26 10:30:42,569 - INFO - Starting data fetch and process script.
2024-12-26 10:30:42,569 - INFO - Sending GET request to the API.
2024-12-26 10:30:42,812 - INFO - Successfully fetched data from the API.
2024-12-26 10:30:42,850 - INFO - Successfully parsed JSON response.
2024-12-26 10:30:43,091 - ERROR - Unexpected error while processing data: too many values to unpack (expected 3)
2024-12-26 10:32:03,686 - INFO - Starting data fetch and process script.
2024-12-26 10:32:03,687 - INFO - Sending GET request to the API.
2024-12-26 10:32:04,781 - INFO - Successfully fetched data from the API.
2024-12-26 10:32:04,814 - INFO - Successfully parsed JSON response.
2024-12-26 10:32:05,056 - ERROR - Unexpected error while processing data: too many values to unpack (expected 3)
2024-12-26 10:38:57,319 - INFO - Starting data fetch and process script.
2024-12-26 10:38:57,320 - INFO - Sending GET request to the API.
2024-12-26 10:38:59,379 - INFO - Successfully fetched data from the API.
2024-12-26 10:38:59,413 - INFO - Successfully parsed JSON response.
2024-12-26 10:42:49,865 - INFO - Script completed.
2024-12-26 10:55:24,838 - INFO - Starting data fetch and process script.
2024-12-26 10:55:24,838 - INFO - Sending GET request to the API.
2024-12-26 10:55:27,728 - INFO - Successfully fetched data from the API.
2024-12-26 10:55:27,729 - INFO - Successfully parsed JSON response.
2024-12-26 11:02:47,775 - INFO - Starting data fetch and process script.
2024-12-26 11:02:47,776 - INFO - Sending GET request to the API.
2024-12-26 11:02:49,926 - INFO - Successfully fetched data from the API.
2024-12-26 11:02:49,930 - INFO - Successfully parsed JSON response.
2024-12-26 11:04:36,747 - INFO - Script completed.
2024-12-26 11:41:37,112 - INFO - Starting data fetch and process script.
2024-12-26 11:41:37,112 - INFO - Sending GET request to the API.
2024-12-26 11:41:40,044 - INFO - Successfully fetched data from the API.
2024-12-26 11:41:40,048 - INFO - Successfully parsed JSON response.
2024-12-26 11:50:29,283 - INFO - Starting data fetch and process script.
2024-12-26 11:50:29,283 - INFO - Sending GET request to the API.
2024-12-26 11:50:31,472 - INFO - Successfully fetched data from the API.
2024-12-26 11:50:31,474 - INFO - Successfully parsed JSON response.
2024-12-26 11:51:31,666 - INFO - Starting data fetch and process script.
2024-12-26 11:51:31,666 - INFO - Sending GET request to the API.
2024-12-26 11:51:31,917 - INFO - Successfully fetched data from the API.
2024-12-26 11:51:31,922 - INFO - Successfully parsed JSON response.
2024-12-26 11:52:00,190 - INFO - Starting data fetch and process script.
2024-12-26 11:52:00,190 - INFO - Sending GET request to the API.
2024-12-26 11:52:00,804 - INFO - Successfully fetched data from the API.
2024-12-26 11:52:00,806 - INFO - Successfully parsed JSON response.
2024-12-26 11:52:25,904 - INFO - Starting data fetch and process script.
2024-12-26 11:52:25,904 - INFO - Sending GET request to the API.
2024-12-26 11:52:26,195 - INFO - Successfully fetched data from the API.
2024-12-26 11:52:26,196 - INFO - Successfully parsed JSON response.
2024-12-26 11:56:18,247 - INFO - Starting data fetch and process script.
2024-12-26 11:56:18,249 - INFO - Sending GET request to the API.
2024-12-26 11:56:19,892 - INFO - Successfully fetched data from the API.
2024-12-26 11:56:19,893 - INFO - Successfully parsed JSON response.
2024-12-26 12:00:08,074 - INFO - Script completed.
2024-12-26 12:00:35,000 - INFO - Starting data fetch and process script.
2024-12-26 12:00:35,000 - INFO - Sending GET request to the API.
2024-12-26 12:00:35,362 - INFO - Successfully fetched data from the API.
2024-12-26 12:00:35,363 - INFO - Successfully parsed JSON response.
2024-12-26 12:03:45,116 - INFO - Starting data fetch and process script.
2024-12-26 12:03:45,116 - INFO - Sending GET request to the API.
2024-12-26 12:03:47,198 - INFO - Successfully fetched data from the API.
2024-12-26 12:03:47,200 - INFO - Successfully parsed JSON response.
2024-12-26 12:04:51,176 - INFO - Starting data fetch and process script.
2024-12-26 12:04:51,177 - INFO - Sending GET request to the API.
2024-12-26 12:04:51,543 - INFO - Successfully fetched data from the API.
2024-12-26 12:04:51,548 - INFO - Successfully parsed JSON response.
2024-12-26 12:06:35,544 - INFO - Starting data fetch and process script.
2024-12-26 12:06:35,544 - INFO - Sending GET request to the API.
2024-12-26 12:06:35,822 - INFO - Successfully fetched data from the API.
2024-12-26 12:06:35,823 - INFO - Successfully parsed JSON response.
2024-12-26 12:09:15,363 - INFO - Starting data fetch and process script.
2024-12-26 12:09:15,364 - INFO - Sending GET request to the API.
2024-12-26 12:09:18,265 - INFO - Successfully fetched data from the API.
2024-12-26 12:09:18,267 - INFO - Successfully parsed JSON response.
2024-12-26 12:14:02,797 - INFO - Script completed.
2024-12-26 12:15:24,345 - INFO - Starting data fetch and process script.
2024-12-26 12:15:24,346 - INFO - Sending GET request to the API.
2024-12-26 12:15:26,546 - INFO - Successfully fetched data from the API.
2024-12-26 12:15:26,547 - INFO - Successfully parsed JSON response.
2024-12-26 12:18:32,264 - INFO - Script completed.
2024-12-26 12:20:01,663 - INFO - Starting data fetch and process script.
2024-12-26 12:20:01,663 - INFO - Sending GET request to the API.
2024-12-26 12:20:02,584 - INFO - Successfully fetched data from the API.
2024-12-26 12:20:02,585 - INFO - Successfully parsed JSON response.
2024-12-26 12:22:45,487 - INFO - Script completed.
2024-12-26 12:24:21,366 - INFO - Starting data fetch and process script.
2024-12-26 12:24:21,366 - INFO - Sending GET request to the API.
2024-12-26 12:24:22,470 - INFO - Successfully fetched data from the API.
2024-12-26 12:24:22,472 - INFO - Successfully parsed JSON response.
2024-12-26 12:28:35,995 - INFO - Script completed.
2024-12-26 12:39:03,210 - INFO - Starting data fetch and process script.
2024-12-26 12:39:03,210 - INFO - Sending GET request to the API.
2024-12-26 12:39:05,313 - INFO - Successfully fetched data from the API.
2024-12-26 12:39:05,315 - INFO - Successfully parsed JSON response.
2024-12-26 12:43:19,692 - INFO - Starting data fetch and process script.
2024-12-26 12:43:19,692 - INFO - Sending GET request to the API.
2024-12-26 12:43:20,667 - INFO - Successfully fetched data from the API.
2024-12-26 12:43:20,672 - INFO - Successfully parsed JSON response.
2024-12-26 12:53:01,762 - INFO - Starting data fetch and process script.
2024-12-26 12:53:01,763 - INFO - Sending GET request to the API.
2024-12-26 12:53:04,824 - INFO - Successfully fetched data from the API.
2024-12-26 12:53:04,828 - INFO - Successfully parsed JSON response.
2024-12-26 12:58:15,741 - INFO - Script completed.
2024-12-26 13:16:03,173 - INFO - Starting data fetch and process script.
2024-12-26 13:16:03,173 - INFO - Sending GET request to the API.
2024-12-26 13:16:05,426 - INFO - Successfully fetched data from the API.
2024-12-26 13:16:05,427 - INFO - Successfully parsed JSON response.
2024-12-26 13:16:06,667 - ERROR - Unexpected error while processing data: Expecting value: line 1 column 1 (char 0)
2024-12-26 13:17:09,219 - INFO - Starting data fetch and process script.
2024-12-26 13:17:09,219 - INFO - Sending GET request to the API.
2024-12-26 13:17:09,774 - INFO - Successfully fetched data from the API.
2024-12-26 13:17:09,775 - INFO - Successfully parsed JSON response.
2024-12-26 13:18:41,486 - INFO - Starting data fetch and process script.
2024-12-26 13:18:41,486 - INFO - Sending GET request to the API.
2024-12-26 13:18:41,951 - INFO - Successfully fetched data from the API.
2024-12-26 13:18:41,952 - INFO - Successfully parsed JSON response.
2024-12-26 13:20:13,243 - INFO - Starting data fetch and process script.
2024-12-26 13:20:13,243 - INFO - Sending GET request to the API.
2024-12-26 13:20:13,636 - INFO - Successfully fetched data from the API.
2024-12-26 13:20:13,638 - INFO - Successfully parsed JSON response.
2024-12-26 13:21:11,237 - INFO - Script completed.
2024-12-26 13:21:18,826 - INFO - Starting data fetch and process script.
2024-12-26 13:21:18,826 - INFO - Sending GET request to the API.
2024-12-26 13:21:19,734 - INFO - Successfully fetched data from the API.
2024-12-26 13:21:19,736 - INFO - Successfully parsed JSON response.
2024-12-26 13:23:30,226 - INFO - Starting data fetch and process script.
2024-12-26 13:23:30,226 - INFO - Sending GET request to the API.
2024-12-26 13:23:30,495 - INFO - Successfully fetched data from the API.
2024-12-26 13:23:30,497 - INFO - Successfully parsed JSON response.
2024-12-26 13:29:31,433 - INFO - Starting data fetch and process script.
2024-12-26 13:29:31,433 - INFO - Sending GET request to the API.
2024-12-26 13:29:33,764 - INFO - Successfully fetched data from the API.
2024-12-26 13:29:33,765 - INFO - Successfully parsed JSON response.
2024-12-26 13:29:40,908 - INFO - Starting data fetch and process script.
2024-12-26 13:29:40,909 - INFO - Sending GET request to the API.
2024-12-26 13:29:41,135 - INFO - Successfully fetched data from the API.
2024-12-26 13:29:41,136 - INFO - Successfully parsed JSON response.
2024-12-26 13:36:43,191 - INFO - Starting data fetch and process script.
2024-12-26 13:36:43,191 - INFO - Sending GET request to the API.
2024-12-26 13:36:45,394 - INFO - Successfully fetched data from the API.
2024-12-26 13:36:45,396 - INFO - Successfully parsed JSON response.
2024-12-26 13:37:20,649 - INFO - Starting data fetch and process script.
2024-12-26 13:37:20,649 - INFO - Sending GET request to the API.
2024-12-26 13:37:20,891 - INFO - Successfully fetched data from the API.
2024-12-26 13:37:20,892 - INFO - Successfully parsed JSON response.
2024-12-26 13:38:06,203 - INFO - Script completed.
2024-12-26 14:42:08,342 - INFO - Starting data fetch and process script.
2024-12-26 14:42:08,342 - INFO - Sending GET request to the API.
2024-12-26 14:42:10,409 - INFO - Successfully fetched data from the API.
2024-12-26 14:42:10,411 - INFO - Successfully parsed JSON response.
2024-12-26 14:43:00,473 - INFO - Script completed.
2024-12-26 14:43:23,010 - INFO - Starting data fetch and process script.
2024-12-26 14:43:23,011 - INFO - Sending GET request to the API.
2024-12-26 14:43:23,303 - INFO - Successfully fetched data from the API.
2024-12-26 14:43:23,304 - INFO - Successfully parsed JSON response.
2024-12-26 14:48:03,710 - INFO - Script completed.
2024-12-26 14:54:28,188 - INFO - Starting data fetch and process script.
2024-12-26 14:54:28,188 - INFO - Sending GET request to the API.
2024-12-26 14:54:30,096 - INFO - Successfully fetched data from the API.
2024-12-26 14:54:30,099 - INFO - Successfully parsed JSON response.
2024-12-26 14:59:27,058 - INFO - Script completed.
2024-12-26 15:00:44,330 - INFO - Starting data fetch and process script.
2024-12-26 15:00:44,330 - INFO - Sending GET request to the API.
2024-12-26 15:00:46,387 - INFO - Successfully fetched data from the API.
2024-12-26 15:00:46,390 - INFO - Successfully parsed JSON response.
2024-12-26 15:01:11,706 - INFO - Starting data fetch and process script.
2024-12-26 15:01:11,706 - INFO - Sending GET request to the API.
2024-12-26 15:01:11,990 - INFO - Successfully fetched data from the API.
2024-12-26 15:01:11,992 - INFO - Successfully parsed JSON response.
2024-12-26 15:06:08,062 - INFO - Script completed.
2024-12-26 15:15:02,881 - INFO - Starting data fetch and process script.
2024-12-26 15:15:02,881 - INFO - Sending GET request to the API.
2024-12-26 15:15:03,343 - INFO - Successfully fetched data from the API.
2024-12-26 15:15:03,344 - INFO - Successfully parsed JSON response.
2024-12-26 15:20:30,095 - INFO - Script completed.
2024-12-26 15:29:20,406 - INFO - Starting data fetch and process script.
2024-12-26 15:29:20,406 - INFO - Sending GET request to the API.
2024-12-26 15:29:22,070 - INFO - Successfully fetched data from the API.
2024-12-26 15:29:22,071 - INFO - Successfully parsed JSON response.
2024-12-26 15:31:04,242 - INFO - Starting data fetch and process script.
2024-12-26 15:31:04,242 - INFO - Sending GET request to the API.
2024-12-26 15:31:04,486 - INFO - Successfully fetched data from the API.
2024-12-26 15:31:04,488 - INFO - Successfully parsed JSON response.
2024-12-26 15:34:18,015 - INFO - Starting data fetch and process script.
2024-12-26 15:34:18,016 - INFO - Sending GET request to the API.
2024-12-26 15:34:18,884 - INFO - Successfully fetched data from the API.
2024-12-26 15:34:18,886 - INFO - Successfully parsed JSON response.
2024-12-26 15:39:15,459 - INFO - Script completed.
2024-12-26 15:52:53,174 - INFO - Starting data fetch and process script.
2024-12-26 15:52:53,174 - INFO - Sending GET request to the API.
2024-12-26 15:52:55,830 - INFO - Successfully fetched data from the API.
2024-12-26 15:52:55,834 - INFO - Successfully parsed JSON response.
2024-12-26 15:55:00,450 - INFO - Starting data fetch and process script.
2024-12-26 15:55:00,451 - INFO - Sending GET request to the API.
2024-12-26 15:55:01,753 - INFO - Successfully fetched data from the API.
2024-12-26 15:55:01,754 - INFO - Successfully parsed JSON response.
2024-12-26 15:57:12,938 - INFO - Starting data fetch and process script.
2024-12-26 15:57:12,938 - INFO - Sending GET request to the API.
2024-12-26 15:57:13,197 - INFO - Successfully fetched data from the API.
2024-12-26 15:57:13,198 - INFO - Successfully parsed JSON response.
2024-12-26 15:59:52,273 - INFO - Starting data fetch and process script.
2024-12-26 15:59:52,273 - INFO - Sending GET request to the API.
2024-12-26 15:59:52,629 - INFO - Successfully fetched data from the API.
2024-12-26 15:59:52,631 - INFO - Successfully parsed JSON response.
2024-12-26 16:03:56,936 - INFO - Starting data fetch and process script.
2024-12-26 16:03:56,936 - INFO - Sending GET request to the API.
2024-12-26 16:03:58,572 - INFO - Successfully fetched data from the API.
2024-12-26 16:03:58,577 - INFO - Successfully parsed JSON response.
2024-12-26 16:05:31,092 - INFO - Starting data fetch and process script.
2024-12-26 16:05:31,092 - INFO - Sending GET request to the API.
2024-12-26 16:05:31,322 - INFO - Successfully fetched data from the API.
2024-12-26 16:05:31,325 - INFO - Successfully parsed JSON response.
2024-12-26 16:06:00,860 - INFO - Starting data fetch and process script.
2024-12-26 16:06:00,861 - INFO - Sending GET request to the API.
2024-12-26 16:06:01,276 - INFO - Successfully fetched data from the API.
2024-12-26 16:06:01,278 - INFO - Successfully parsed JSON response.
2024-12-26 16:13:40,953 - INFO - Starting data fetch and process script.
2024-12-26 16:13:40,953 - INFO - Sending GET request to the API.
2024-12-26 16:13:43,074 - INFO - Successfully fetched data from the API.
2024-12-26 16:13:43,078 - INFO - Successfully parsed JSON response.
2024-12-26 16:14:24,845 - INFO - Starting data fetch and process script.
2024-12-26 16:14:24,845 - INFO - Sending GET request to the API.
2024-12-26 16:14:25,223 - INFO - Successfully fetched data from the API.
2024-12-26 16:14:25,224 - INFO - Successfully parsed JSON response.
2024-12-26 16:18:17,036 - INFO - Starting data fetch and process script.
2024-12-26 16:18:17,036 - INFO - Sending GET request to the API.
2024-12-26 16:18:17,312 - INFO - Successfully fetched data from the API.
2024-12-26 16:18:17,313 - INFO - Successfully parsed JSON response.
2024-12-26 16:21:56,739 - INFO - Starting data fetch and process script.
2024-12-26 16:21:56,739 - INFO - Sending GET request to the API.
2024-12-26 16:21:57,270 - INFO - Successfully fetched data from the API.
2024-12-26 16:21:57,272 - INFO - Successfully parsed JSON response.
2024-12-26 16:23:16,229 - INFO - Starting data fetch and process script.
2024-12-26 16:23:16,229 - INFO - Sending GET request to the API.
2024-12-26 16:23:16,737 - INFO - Successfully fetched data from the API.
2024-12-26 16:23:16,740 - INFO - Successfully parsed JSON response.
2024-12-26 16:23:38,499 - INFO - Starting data fetch and process script.
2024-12-26 16:23:38,499 - INFO - Sending GET request to the API.
2024-12-26 16:23:38,731 - INFO - Successfully fetched data from the API.
2024-12-26 16:23:38,733 - INFO - Successfully parsed JSON response.
2024-12-26 16:25:32,450 - INFO - Script completed.
2024-12-26 16:26:20,836 - INFO - Starting data fetch and process script.
2024-12-26 16:26:20,836 - INFO - Sending GET request to the API.
2024-12-26 16:26:21,332 - INFO - Successfully fetched data from the API.
2024-12-26 16:26:21,334 - INFO - Successfully parsed JSON response.
2024-12-26 16:31:48,789 - INFO - Script completed.
2024-12-26 16:34:37,751 - INFO - Starting data fetch and process script.
2024-12-26 16:34:37,752 - INFO - Sending GET request to the API.
2024-12-26 16:34:40,067 - INFO - Successfully fetched data from the API.
2024-12-26 16:34:40,068 - INFO - Successfully parsed JSON response.
2024-12-26 16:40:17,720 - INFO - Script completed.
2024-12-26 16:54:09,632 - INFO - Starting data fetch and process script.
2024-12-26 16:54:09,632 - INFO - Sending GET request to the API.
2024-12-26 16:54:12,516 - INFO - Successfully fetched data from the API.
2024-12-26 16:54:12,517 - INFO - Successfully parsed JSON response.
2024-12-26 16:58:04,005 - INFO - Starting data fetch and process script.
2024-12-26 16:58:04,005 - INFO - Sending GET request to the API.
2024-12-26 16:58:04,952 - INFO - Successfully fetched data from the API.
2024-12-26 16:58:04,953 - INFO - Successfully parsed JSON response.
2024-12-26 17:02:21,784 - INFO - Starting data fetch and process script.
2024-12-26 17:02:21,784 - INFO - Sending GET request to the API.
2024-12-26 17:02:24,693 - INFO - Successfully fetched data from the API.
2024-12-26 17:02:24,694 - INFO - Successfully parsed JSON response.
2024-12-26 17:03:00,296 - INFO - Starting data fetch and process script.
2024-12-26 17:03:00,296 - INFO - Sending GET request to the API.
2024-12-26 17:03:00,556 - INFO - Successfully fetched data from the API.
2024-12-26 17:03:00,559 - INFO - Successfully parsed JSON response.
2024-12-26 17:03:29,138 - INFO - Starting data fetch and process script.
2024-12-26 17:03:29,139 - INFO - Sending GET request to the API.
2024-12-26 17:03:29,383 - INFO - Successfully fetched data from the API.
2024-12-26 17:03:29,384 - INFO - Successfully parsed JSON response.
2024-12-26 17:04:19,662 - INFO - Script completed.
2024-12-26 17:08:17,612 - INFO - Starting data fetch and process script.
2024-12-26 17:08:17,613 - INFO - Sending GET request to the API.
2024-12-26 17:08:19,834 - INFO - Successfully fetched data from the API.
2024-12-26 17:08:19,836 - INFO - Successfully parsed JSON response.
2024-12-26 17:09:13,285 - INFO - Script completed.
2024-12-26 17:10:11,607 - INFO - Starting data fetch and process script.
2024-12-26 17:10:11,607 - INFO - Sending GET request to the API.
2024-12-26 17:10:11,997 - INFO - Successfully fetched data from the API.
2024-12-26 17:10:12,000 - INFO - Successfully parsed JSON response.
2024-12-26 17:15:12,604 - INFO - Script completed.
2024-12-26 17:40:53,724 - INFO - Starting data fetch and process script.
2024-12-26 17:40:53,725 - INFO - Sending GET request to the API.
2024-12-26 17:40:56,013 - INFO - Successfully fetched data from the API.
2024-12-26 17:40:56,014 - INFO - Successfully parsed JSON response.
2024-12-26 17:41:44,465 - INFO - Starting data fetch and process script.
2024-12-26 17:41:44,465 - INFO - Sending GET request to the API.
2024-12-26 17:41:44,705 - INFO - Successfully fetched data from the API.
2024-12-26 17:41:44,706 - INFO - Successfully parsed JSON response.
2024-12-26 17:42:58,971 - INFO - Starting data fetch and process script.
2024-12-26 17:42:58,971 - INFO - Sending GET request to the API.
2024-12-26 17:42:59,202 - INFO - Successfully fetched data from the API.
2024-12-26 17:42:59,203 - INFO - Successfully parsed JSON response.
2024-12-26 17:43:47,180 - INFO - Starting data fetch and process script.
2024-12-26 17:43:47,180 - INFO - Sending GET request to the API.
2024-12-26 17:43:47,406 - INFO - Successfully fetched data from the API.
2024-12-26 17:43:47,407 - INFO - Successfully parsed JSON response.
2024-12-26 17:44:07,111 - INFO - Starting data fetch and process script.
2024-12-26 17:44:07,112 - INFO - Sending GET request to the API.
2024-12-26 17:44:07,384 - INFO - Successfully fetched data from the API.
2024-12-26 17:44:07,385 - INFO - Successfully parsed JSON response.
2024-12-26 17:44:58,309 - INFO - Script completed.
2024-12-26 17:46:02,062 - INFO - Starting data fetch and process script.
2024-12-26 17:46:02,062 - INFO - Sending GET request to the API.
2024-12-26 17:46:03,850 - INFO - Successfully fetched data from the API.
2024-12-26 17:46:03,851 - INFO - Successfully parsed JSON response.
2024-12-26 17:46:54,884 - INFO - Script completed.
2024-12-26 17:47:19,201 - INFO - Starting data fetch and process script.
2024-12-26 17:47:19,201 - INFO - Sending GET request to the API.
2024-12-26 17:47:19,457 - INFO - Successfully fetched data from the API.
2024-12-26 17:47:19,458 - INFO - Successfully parsed JSON response.
2024-12-26 17:48:10,668 - INFO - Script completed.
2024-12-26 17:53:32,578 - INFO - Starting data fetch and process script.
2024-12-26 17:53:32,579 - INFO - Sending GET request to the API.
2024-12-26 17:53:34,764 - INFO - Successfully fetched data from the API.
2024-12-26 17:53:34,766 - INFO - Successfully parsed JSON response.
2024-12-26 17:56:07,029 - INFO - Starting data fetch and process script.
2024-12-26 17:56:07,029 - INFO - Sending GET request to the API.
2024-12-26 17:56:07,278 - INFO - Successfully fetched data from the API.
2024-12-26 17:56:07,280 - INFO - Successfully parsed JSON response.
2024-12-26 18:01:14,249 - INFO - Script completed.
